TN:
SF:src/hooks/GetComics.tsx
FN:39,(anonymous_0)
FN:44,(anonymous_1)
FN:56,(anonymous_2)
FN:72,(anonymous_3)
FN:93,useComics
FNF:5
FNH:5
FNDA:28,(anonymous_0)
FNDA:6,(anonymous_1)
FNDA:2,(anonymous_2)
FNDA:1,(anonymous_3)
FNDA:29,useComics
DA:37,2
DA:39,2
DA:40,28
DA:41,28
DA:42,28
DA:44,28
DA:45,6
DA:46,6
DA:47,6
DA:48,5
DA:49,2
DA:51,3
DA:53,3
DA:54,2
DA:56,2
DA:60,2
DA:61,2
DA:63,1
DA:67,1
DA:69,6
DA:72,28
DA:73,1
DA:74,1
DA:77,28
DA:94,29
DA:95,29
DA:98,2
LF:27
LH:27
BRDA:48,0,0,2
BRDA:48,0,1,3
BRDA:53,1,0,2
BRDA:53,1,1,1
BRF:4
BRH:4
end_of_record
TN:
SF:src/pages/About/index.tsx
FN:20,(anonymous_0)
FN:25,(anonymous_1)
FN:46,(anonymous_2)
FN:50,(anonymous_3)
FN:58,(anonymous_4)
FN:62,(anonymous_5)
FN:80,(anonymous_6)
FNF:7
FNH:5
FNDA:1,(anonymous_0)
FNDA:1,(anonymous_1)
FNDA:0,(anonymous_2)
FNDA:1,(anonymous_3)
FNDA:1,(anonymous_4)
FNDA:3,(anonymous_5)
FNDA:0,(anonymous_6)
DA:20,1
DA:21,1
DA:22,1
DA:23,1
DA:25,1
DA:26,1
DA:46,1
DA:47,0
DA:50,1
DA:51,1
DA:58,1
DA:59,1
DA:62,1
DA:63,3
DA:74,1
DA:80,0
LF:16
LH:14
BRF:0
BRH:0
end_of_record
TN:
SF:src/pages/ComicsList/index.tsx
FN:22,(anonymous_0)
FN:29,(anonymous_1)
FN:31,(anonymous_2)
FN:38,(anonymous_3)
FN:43,(anonymous_4)
FN:56,(anonymous_5)
FN:61,(anonymous_6)
FN:63,(anonymous_7)
FNF:8
FNH:2
FNDA:1,(anonymous_0)
FNDA:0,(anonymous_1)
FNDA:0,(anonymous_2)
FNDA:0,(anonymous_3)
FNDA:0,(anonymous_4)
FNDA:0,(anonymous_5)
FNDA:0,(anonymous_6)
FNDA:1,(anonymous_7)
DA:22,1
DA:23,1
DA:24,1
DA:27,1
DA:29,1
DA:30,0
DA:31,0
DA:38,0
DA:43,1
DA:44,0
DA:45,0
DA:48,1
DA:57,0
DA:58,0
DA:61,0
DA:63,1
LF:16
LH:8
BRDA:36,0,0,0
BRDA:36,0,1,0
BRDA:57,1,0,0
BRDA:57,1,1,0
BRDA:63,2,0,0
BRDA:63,2,1,1
BRF:6
BRH:1
end_of_record
TN:
SF:src/pages/Search/index.tsx
FN:16,(anonymous_0)
FN:27,(anonymous_1)
FN:35,(anonymous_2)
FN:39,(anonymous_3)
FN:49,(anonymous_4)
FN:62,(anonymous_5)
FN:67,(anonymous_6)
FN:125,(anonymous_7)
FNF:8
FNH:7
FNDA:6,(anonymous_0)
FNDA:5,(anonymous_1)
FNDA:4,(anonymous_2)
FNDA:1,(anonymous_3)
FNDA:4,(anonymous_4)
FNDA:1,(anonymous_5)
FNDA:0,(anonymous_6)
FNDA:2,(anonymous_7)
DA:16,1
DA:17,6
DA:18,6
DA:19,6
DA:20,6
DA:21,6
DA:22,6
DA:23,6
DA:24,6
DA:25,6
DA:27,6
DA:28,5
DA:35,6
DA:36,4
DA:39,6
DA:40,1
DA:41,1
DA:42,1
DA:44,1
DA:45,1
DA:49,6
DA:50,4
DA:51,0
DA:52,0
DA:53,0
DA:59,0
DA:62,6
DA:63,1
DA:64,1
DA:67,6
DA:68,0
DA:69,0
DA:70,0
DA:74,6
DA:126,2
DA:127,2
LF:36
LH:29
BRDA:40,0,0,1
BRDA:40,0,1,0
BRDA:44,1,0,1
BRDA:44,1,1,0
BRDA:50,2,0,0
BRDA:50,2,1,4
BRDA:68,3,0,0
BRDA:68,3,1,0
BRDA:68,4,0,0
BRDA:68,4,1,0
BRDA:89,5,0,0
BRDA:89,5,1,6
BRF:12
BRH:4
end_of_record
TN:
SF:src/pages/StoreMap/index.tsx
FN:30,(anonymous_0)
FN:36,(anonymous_1)
FN:40,(anonymous_2)
FN:45,(anonymous_3)
FN:48,(anonymous_4)
FN:53,(anonymous_5)
FN:55,(anonymous_6)
FN:62,(anonymous_7)
FN:62,(anonymous_8)
FN:63,(anonymous_9)
FNF:10
FNH:0
FNDA:0,(anonymous_0)
FNDA:0,(anonymous_1)
FNDA:0,(anonymous_2)
FNDA:0,(anonymous_3)
FNDA:0,(anonymous_4)
FNDA:0,(anonymous_5)
FNDA:0,(anonymous_6)
FNDA:0,(anonymous_7)
FNDA:0,(anonymous_8)
FNDA:0,(anonymous_9)
DA:14,0
DA:15,0
DA:30,0
DA:31,0
DA:32,0
DA:33,0
DA:34,0
DA:36,0
DA:37,0
DA:40,0
DA:41,0
DA:46,0
DA:47,0
DA:48,0
DA:49,0
DA:53,0
DA:54,0
DA:55,0
DA:56,0
DA:57,0
DA:59,0
DA:62,0
DA:63,0
DA:81,0
LF:24
LH:0
BRDA:54,0,0,0
BRDA:54,0,1,0
BRDA:83,1,0,0
BRDA:83,1,1,0
BRDA:83,2,0,0
BRDA:83,2,1,0
BRF:6
BRH:0
end_of_record
